0 info it worked if it ends with ok
1 verbose cli [ 'C:\\Program Files\\nodejs\\node.exe',
1 verbose cli   'C:\\Program Files\\nodejs\\node_modules\\npm\\bin\\npm-cli.js',
1 verbose cli   'install',
1 verbose cli   'angular-mome' ]
2 info using npm@2.15.1
3 info using node@v4.4.4
4 verbose install initial load of C:\Users\CYRILLE\WebstormProjects\fred-ui-app-masterNew\package.json
5 warn package.json fred-ui@0.0.1 No repository field.
6 warn package.json fred-ui@0.0.1 No license field.
7 verbose installManyTop reading scoped package data from C:\Users\CYRILLE\WebstormProjects\fred-ui-app-masterNew\node_modules\grunt\package.json
8 verbose installManyTop reading scoped package data from C:\Users\CYRILLE\WebstormProjects\fred-ui-app-masterNew\node_modules\grunt-autoprefixer\package.json
9 verbose installManyTop reading scoped package data from C:\Users\CYRILLE\WebstormProjects\fred-ui-app-masterNew\node_modules\grunt-bower-install\package.json
10 verbose installManyTop reading scoped package data from C:\Users\CYRILLE\WebstormProjects\fred-ui-app-masterNew\node_modules\grunt-concurrent\package.json
11 verbose installManyTop reading scoped package data from C:\Users\CYRILLE\WebstormProjects\fred-ui-app-masterNew\node_modules\grunt-contrib-clean\package.json
12 verbose installManyTop reading scoped package data from C:\Users\CYRILLE\WebstormProjects\fred-ui-app-masterNew\node_modules\grunt-contrib-compass\package.json
13 verbose installManyTop reading scoped package data from C:\Users\CYRILLE\WebstormProjects\fred-ui-app-masterNew\node_modules\grunt-contrib-concat\package.json
14 verbose installManyTop reading scoped package data from C:\Users\CYRILLE\WebstormProjects\fred-ui-app-masterNew\node_modules\grunt-contrib-connect\package.json
15 verbose installManyTop reading scoped package data from C:\Users\CYRILLE\WebstormProjects\fred-ui-app-masterNew\node_modules\grunt-contrib-copy\package.json
16 verbose installManyTop reading scoped package data from C:\Users\CYRILLE\WebstormProjects\fred-ui-app-masterNew\node_modules\grunt-contrib-cssmin\package.json
17 verbose installManyTop reading scoped package data from C:\Users\CYRILLE\WebstormProjects\fred-ui-app-masterNew\node_modules\grunt-contrib-htmlmin\package.json
18 verbose installManyTop reading scoped package data from C:\Users\CYRILLE\WebstormProjects\fred-ui-app-masterNew\node_modules\grunt-contrib-imagemin\package.json
19 verbose installManyTop reading scoped package data from C:\Users\CYRILLE\WebstormProjects\fred-ui-app-masterNew\node_modules\grunt-contrib-jshint\package.json
20 verbose installManyTop reading scoped package data from C:\Users\CYRILLE\WebstormProjects\fred-ui-app-masterNew\node_modules\grunt-contrib-less\package.json
21 verbose installManyTop reading scoped package data from C:\Users\CYRILLE\WebstormProjects\fred-ui-app-masterNew\node_modules\grunt-contrib-uglify\package.json
22 verbose installManyTop reading scoped package data from C:\Users\CYRILLE\WebstormProjects\fred-ui-app-masterNew\node_modules\grunt-contrib-watch\package.json
23 verbose installManyTop reading scoped package data from C:\Users\CYRILLE\WebstormProjects\fred-ui-app-masterNew\node_modules\grunt-jsbeautifier\package.json
24 verbose installManyTop reading scoped package data from C:\Users\CYRILLE\WebstormProjects\fred-ui-app-masterNew\node_modules\grunt-mocha\package.json
25 verbose installManyTop reading scoped package data from C:\Users\CYRILLE\WebstormProjects\fred-ui-app-masterNew\node_modules\grunt-rev\package.json
26 verbose installManyTop reading scoped package data from C:\Users\CYRILLE\WebstormProjects\fred-ui-app-masterNew\node_modules\grunt-svgmin\package.json
27 verbose installManyTop reading scoped package data from C:\Users\CYRILLE\WebstormProjects\fred-ui-app-masterNew\node_modules\grunt-usemin\package.json
28 verbose installManyTop reading scoped package data from C:\Users\CYRILLE\WebstormProjects\fred-ui-app-masterNew\node_modules\grunt-zip\package.json
29 verbose installManyTop reading scoped package data from C:\Users\CYRILLE\WebstormProjects\fred-ui-app-masterNew\node_modules\jshint-stylish\package.json
30 verbose installManyTop reading scoped package data from C:\Users\CYRILLE\WebstormProjects\fred-ui-app-masterNew\node_modules\load-grunt-tasks\package.json
31 verbose installManyTop reading scoped package data from C:\Users\CYRILLE\WebstormProjects\fred-ui-app-masterNew\node_modules\time-grunt\package.json
32 info package.json grunt-autoprefixer@0.2.20130806 No license field.
33 info package.json grunt-bower-install@0.5.2 No license field.
34 info package.json grunt@0.4.5 No license field.
35 info package.json grunt-contrib-clean@0.5.0 No license field.
36 info package.json grunt-concurrent@0.3.1 No license field.
37 info package.json grunt-contrib-compass@0.5.0 No license field.
38 info package.json grunt-contrib-concat@0.3.0 No license field.
39 info package.json grunt-contrib-connect@0.5.0 No license field.
40 info package.json grunt-contrib-cssmin@0.6.2 No license field.
41 info package.json grunt-contrib-copy@0.4.1 No license field.
42 info package.json grunt-contrib-htmlmin@0.1.3 No license field.
43 info package.json grunt-contrib-imagemin@0.2.1 No license field.
44 info package.json grunt-contrib-less@0.8.3 No license field.
45 info package.json grunt-contrib-jshint@0.6.5 No license field.
46 info package.json grunt-contrib-uglify@0.2.7 No license field.
47 info package.json grunt-mocha@0.4.15 No license field.
48 info package.json grunt-contrib-watch@0.5.3 No license field.
49 info package.json grunt-jsbeautifier@0.2.12 No license field.
50 info package.json grunt-rev@0.1.0 No license field.
51 info package.json grunt-usemin@2.0.2 license should be a valid SPDX license expression
52 info package.json grunt-svgmin@0.2.1 No license field.
53 info package.json grunt-zip@0.10.2 No license field.
54 verbose readDependencies loading dependencies from C:\Users\CYRILLE\WebstormProjects\fred-ui-app-masterNew\package.json
55 silly cache add args [ 'angular-mome', null ]
56 verbose cache add spec angular-mome
57 silly cache add parsed spec Result {
57 silly cache add   raw: 'angular-mome',
57 silly cache add   scope: null,
57 silly cache add   name: 'angular-mome',
57 silly cache add   rawSpec: '',
57 silly cache add   spec: 'latest',
57 silly cache add   type: 'tag' }
58 silly addNamed angular-mome@latest
59 verbose addNamed "latest" is being treated as a dist-tag for angular-mome
60 info addNameTag [ 'angular-mome', 'latest' ]
61 silly mapToRegistry name angular-mome
62 silly mapToRegistry using default registry
63 silly mapToRegistry registry https://registry.npmjs.org/
64 silly mapToRegistry data Result {
64 silly mapToRegistry   raw: 'angular-mome',
64 silly mapToRegistry   scope: null,
64 silly mapToRegistry   name: 'angular-mome',
64 silly mapToRegistry   rawSpec: '',
64 silly mapToRegistry   spec: 'latest',
64 silly mapToRegistry   type: 'tag' }
65 silly mapToRegistry uri https://registry.npmjs.org/angular-mome
66 verbose addNameTag registry:https://registry.npmjs.org/angular-mome not in flight; fetching
67 verbose request uri https://registry.npmjs.org/angular-mome
68 verbose request no auth needed
69 info attempt registry request try #1 at 15:17:23
70 verbose request id 88d1a1770351d0f0
71 http request GET https://registry.npmjs.org/angular-mome
72 http 404 https://registry.npmjs.org/angular-mome
73 verbose headers { 'content-type': 'application/json',
73 verbose headers   'cache-control': 'max-age=0',
73 verbose headers   'content-length': '2',
73 verbose headers   'accept-ranges': 'bytes',
73 verbose headers   date: 'Mon, 21 Nov 2016 15:18:11 GMT',
73 verbose headers   via: '1.1 varnish',
73 verbose headers   age: '0',
73 verbose headers   connection: 'keep-alive',
73 verbose headers   'x-served-by': 'cache-lcy1149-LCY',
73 verbose headers   'x-cache': 'MISS',
73 verbose headers   'x-cache-hits': '0',
73 verbose headers   'x-timer': 'S1479741491.019132,VS0,VE371',
73 verbose headers   vary: 'Accept-Encoding' }
74 silly get cb [ 404,
74 silly get   { 'content-type': 'application/json',
74 silly get     'cache-control': 'max-age=0',
74 silly get     'content-length': '2',
74 silly get     'accept-ranges': 'bytes',
74 silly get     date: 'Mon, 21 Nov 2016 15:18:11 GMT',
74 silly get     via: '1.1 varnish',
74 silly get     age: '0',
74 silly get     connection: 'keep-alive',
74 silly get     'x-served-by': 'cache-lcy1149-LCY',
74 silly get     'x-cache': 'MISS',
74 silly get     'x-cache-hits': '0',
74 silly get     'x-timer': 'S1479741491.019132,VS0,VE371',
74 silly get     vary: 'Accept-Encoding' } ]
75 verbose stack Error: Registry returned 404 for GET on https://registry.npmjs.org/angular-mome
75 verbose stack     at makeError (C:\Program Files\nodejs\node_modules\npm\node_modules\npm-registry-client\lib\request.js:264:12)
75 verbose stack     at CachingRegistryClient.<anonymous> (C:\Program Files\nodejs\node_modules\npm\node_modules\npm-registry-client\lib\request.js:242:14)
75 verbose stack     at Request._callback (C:\Program Files\nodejs\node_modules\npm\node_modules\npm-registry-client\lib\request.js:172:14)
75 verbose stack     at Request.self.callback (C:\Program Files\nodejs\node_modules\npm\node_modules\request\request.js:199:22)
75 verbose stack     at emitTwo (events.js:87:13)
75 verbose stack     at Request.emit (events.js:172:7)
75 verbose stack     at Request.<anonymous> (C:\Program Files\nodejs\node_modules\npm\node_modules\request\request.js:1036:10)
75 verbose stack     at emitOne (events.js:82:20)
75 verbose stack     at Request.emit (events.js:169:7)
75 verbose stack     at IncomingMessage.<anonymous> (C:\Program Files\nodejs\node_modules\npm\node_modules\request\request.js:963:12)
76 verbose statusCode 404
77 verbose pkgid angular-mome
78 verbose cwd C:\Users\CYRILLE\WebstormProjects\fred-ui-app-masterNew
79 error Windows_NT 10.0.14393
80 error argv "C:\\Program Files\\nodejs\\node.exe" "C:\\Program Files\\nodejs\\node_modules\\npm\\bin\\npm-cli.js" "install" "angular-mome"
81 error node v4.4.4
82 error npm  v2.15.1
83 error code E404
84 error 404 Registry returned 404 for GET on https://registry.npmjs.org/angular-mome
84 error 404
84 error 404 'angular-mome' is not in the npm registry.
84 error 404 You should bug the author to publish it (or use the name yourself!)
84 error 404 It was specified as a dependency of 'fred-ui'
84 error 404
84 error 404 Note that you can also install from a
84 error 404 tarball, folder, http url, or git url.
85 verbose exit [ 1, true ]
